<?xml version="1.0" encoding="UTF-8"?>
<testsuite name="ru.netology.testmode.test.LoginUserTest" tests="5" skipped="0" failures="0" errors="0" timestamp="2023-05-22T19:13:25" hostname="WIN-Q0UB77QSO5P" time="8.033">
  <properties/>
  <testcase name="Should get error message if login with not registered user" classname="ru.netology.testmode.test.LoginUserTest" time="4.644"/>
  <testcase name="Should get error message if login with blocked registered user" classname="ru.netology.testmode.test.LoginUserTest" time="1.541"/>
  <testcase name="Should successfully login with active registered user" classname="ru.netology.testmode.test.LoginUserTest" time="0.392"/>
  <testcase name="Should get error message if login with wrong password" classname="ru.netology.testmode.test.LoginUserTest" time="0.744"/>
  <testcase name="Should get error message if login with wrong login" classname="ru.netology.testmode.test.LoginUserTest" time="0.708"/>
  <system-out><![CDATA[Request method:	POST
Request URI:	http://localhost:9999/api/system/users
Proxy:			<none>
Request params:	<none>
Query params:	<none>
Form params:	<none>
Path params:	<none>
Headers:		Accept=application/json, application/javascript, text/javascript, text/json
				Content-Type=application/json; charset=UTF-8
Cookies:		<none>
Multiparts:		<none>
Body:
{
    "login": "karrie.tromp",
    "password": "zaad5seoqd7",
    "status": "blocked"
}
Request method:	POST
Request URI:	http://localhost:9999/api/system/users
Proxy:			<none>
Request params:	<none>
Query params:	<none>
Form params:	<none>
Path params:	<none>
Headers:		Accept=application/json, application/javascript, text/javascript, text/json
				Content-Type=application/json; charset=UTF-8
Cookies:		<none>
Multiparts:		<none>
Body:
{
    "login": "lino.sipes",
    "password": "qlm60gamvahlj",
    "status": "active"
}
Request method:	POST
Request URI:	http://localhost:9999/api/system/users
Proxy:			<none>
Request params:	<none>
Query params:	<none>
Form params:	<none>
Path params:	<none>
Headers:		Accept=application/json, application/javascript, text/javascript, text/json
				Content-Type=application/json; charset=UTF-8
Cookies:		<none>
Multiparts:		<none>
Body:
{
    "login": "tiana.stroman",
    "password": "pffe2myq",
    "status": "active"
}
Request method:	POST
Request URI:	http://localhost:9999/api/system/users
Proxy:			<none>
Request params:	<none>
Query params:	<none>
Form params:	<none>
Path params:	<none>
Headers:		Accept=application/json, application/javascript, text/javascript, text/json
				Content-Type=application/json; charset=UTF-8
Cookies:		<none>
Multiparts:		<none>
Body:
{
    "login": "felicita.hahn",
    "password": "o5mk7fm0zvkho",
    "status": "active"
}
]]></system-out>
  <system-err><![CDATA[SLF4J: No SLF4J providers were found.
SLF4J: Defaulting to no-operation (NOP) logger implementation
SLF4J: See https://www.slf4j.org/codes.html#noProviders for further details.
Starting ChromeDriver 113.0.5672.63 (0e1a4471d5ae5bf128b1bd8f4d627c8cbd55f70c-refs/branch-heads/5672@{#912}) on port 5069
Only local connections are allowed.
Please see https://chromedriver.chromium.org/security-considerations for suggestions on keeping ChromeDriver safe.
ChromeDriver was started successfully.
мая 22, 2023 10:13:27 PM org.openqa.selenium.devtools.CdpVersionFinder findNearestMatch
WARNING: Unable to find an exact match for CDP version 113, so returning the closest version found: 111
]]></system-err>
</testsuite>
